[2025-09-20 01:48:42.135] [info] Using configuration file /home/fruroa/.config/waybar/config
[2025-09-20 01:48:42.136] [info] Unable to receive desktop appearance: GDBus.Error:org.freedesktop.DBus.Error.UnknownMethod: No such interface “org.freedesktop.portal.Settings” on object at path /org/freedesktop/portal/desktop
[2025-09-20 01:48:42.136] [info] Using CSS file /home/fruroa/.config/waybar/style.css
[2025-09-20 01:48:42.155] [info] Hyprland IPC starting
[2025-09-20 01:48:42.156] [info] Loading persistent workspaces from Hyprland workspace rules
[2025-09-20 01:48:42.344] [info] Found device AT Translated Set 2 keyboard at '/dev/input/event0'
[2025-09-20 01:48:42.442] [info] Bar configured (width: 1920, height: 30) for output: eDP-1
Gdk-Message: 01:48:46.733: Unable to load hand2 from the cursor theme
Gdk-Message: 01:48:46.741: Unable to load arrow from the cursor theme
Gdk-Message: 01:48:46.742: Unable to load hand2 from the cursor theme
Gdk-Message: 01:48:46.772: Unable to load arrow from the cursor theme
Gdk-Message: 01:48:46.772: Unable to load hand2 from the cursor theme
Gdk-Message: 01:48:46.772: Unable to load arrow from the cursor theme
Gdk-Message: 01:48:47.104: Unable to load hand2 from the cursor theme
Gdk-Message: 01:48:47.171: Unable to load arrow from the cursor theme
Gdk-Message: 01:48:47.171: Unable to load hand2 from the cursor theme
Gdk-Message: 01:48:47.591: Unable to load arrow from the cursor theme
Gdk-Message: 01:48:48.148: Unable to load hand2 from the cursor theme
Gdk-Message: 01:48:48.166: Unable to load arrow from the cursor theme
Gdk-Message: 01:48:48.166: Unable to load hand2 from the cursor theme
Gdk-Message: 01:48:48.448: Unable to load arrow from the cursor theme
Gdk-Message: 01:48:48.448: Unable to load hand2 from the cursor theme
Gdk-Message: 01:48:48.763: Unable to load arrow from the cursor theme
[2025-09-20 01:59:59.797] [info] Hyprland config reloaded, reinitializing hyprland/workspaces module...
[2025-09-20 01:59:59.807] [info] Loading persistent workspaces from Hyprland workspace rules
[2025-09-20 02:01:16.999] [info] Reloading...
xkbregistry: ERROR: /nix/store/f4bj1653m7r57v1ixb8z4rh11fvpgykg-xkeyboard-config-2.44/etc/X11/xkb/rules/evdev.extras.xml:1: parser error : Start tag expected, '<' not found
xkbregistry: ERROR: .0" encoding="utf-8"?>
xkbregistry: ERROR: ^
terminate called after throwing an instance of 'std::runtime_error'
  what():  Could not watch events for /sys/class/power_supply/CMB1
[2025-09-20 02:01:38.823] [info] Using configuration file /home/fruroa/.config/waybar/config
[2025-09-20 02:01:38.828] [info] Unable to receive desktop appearance: GDBus.Error:org.freedesktop.DBus.Error.UnknownMethod: No such interface “org.freedesktop.portal.Settings” on object at path /org/freedesktop/portal/desktop
[2025-09-20 02:01:38.828] [info] Using CSS file /home/fruroa/.config/waybar/style.css
[2025-09-20 02:01:38.846] [info] Hyprland IPC starting
[2025-09-20 02:01:38.847] [info] Loading persistent workspaces from Hyprland workspace rules
[2025-09-20 02:01:39.023] [info] Found device AT Translated Set 2 keyboard at '/dev/input/event0'
[2025-09-20 02:01:39.169] [info] Bar configured (width: 1920, height: 30) for output: eDP-1
Gdk-Message: 02:01:42.788: Unable to load hand2 from the cursor theme
Gdk-Message: 02:01:42.918: Unable to load arrow from the cursor theme
Gdk-Message: 02:01:42.919: Unable to load hand2 from the cursor theme
Gdk-Message: 02:01:43.324: Unable to load arrow from the cursor theme
Gdk-Message: 02:01:43.325: Unable to load hand2 from the cursor theme
Gdk-Message: 02:01:44.747: Unable to load arrow from the cursor theme
[2025-09-20 02:03:34.056] [info] Reloading...
xkbregistry: ERROR: /nix/store/f4bj1653m7r57v1ixb8z4rh11fvpgykg-xkeyboard-config-2.44/etc/X11/xkb/rules/evdev.extras.xml:1: parser error : Start tag expected, '<' not found
xkbregistry: ERROR: .0" encoding="utf-8"?>
xkbregistry: ERROR: ^
[2025-09-20 02:03:34.103] [info] Using configuration file /home/fruroa/.config/waybar/config
[2025-09-20 02:03:34.106] [info] Using CSS file /home/fruroa/.config/waybar/style.css
[2025-09-20 02:03:34.115] [info] Loading persistent workspaces from Hyprland workspace rules
[2025-09-20 02:03:34.388] [info] Found device AT Translated Set 2 keyboard at '/dev/input/event0'
[2025-09-20 02:03:34.474] [info] Bar configured (width: 1920, height: 30) for output: eDP-1
Gdk-Message: 02:03:49.015: Unable to load hand2 from the cursor theme
Gdk-Message: 02:03:52.084: Unable to load arrow from the cursor theme
Gdk-Message: 02:03:52.084: Unable to load hand2 from the cursor theme
Gdk-Message: 02:03:52.469: Unable to load arrow from the cursor theme
Gdk-Message: 02:03:52.469: Unable to load hand2 from the cursor theme
Gdk-Message: 02:03:52.487: Unable to load arrow from the cursor theme
[2025-09-20 02:09:32.946] [info] Reloading...
[2025-09-20 02:09:33.006] [info] Using configuration file /home/fruroa/.config/waybar/config
[2025-09-20 02:09:33.006] [info] Using CSS file /home/fruroa/.config/waybar/style.css
[2025-09-20 02:09:33.021] [info] Loading persistent workspaces from Hyprland workspace rules
[2025-09-20 02:09:33.272] [info] Found device AT Translated Set 2 keyboard at '/dev/input/event0'
[2025-09-20 02:09:33.369] [info] Bar configured (width: 1920, height: 30) for output: eDP-1
Gdk-Message: 02:09:47.892: Unable to load hand2 from the cursor theme
Gdk-Message: 02:09:49.460: Unable to load arrow from the cursor theme
Gdk-Message: 02:09:49.461: Unable to load hand2 from the cursor theme
Gdk-Message: 02:09:50.529: Unable to load arrow from the cursor theme
Gdk-Message: 02:09:50.875: Unable to load hand2 from the cursor theme
Gdk-Message: 02:09:50.914: Unable to load arrow from the cursor theme
Gdk-Message: 02:09:50.914: Unable to load hand2 from the cursor theme
Gdk-Message: 02:09:51.212: Unable to load arrow from the cursor theme
[2025-09-20 02:16:51.492] [info] Reloading...
[2025-09-20 02:16:51.587] [info] Using configuration file /home/fruroa/.config/waybar/config
[2025-09-20 02:16:51.587] [info] Using CSS file /home/fruroa/.config/waybar/style.css
[2025-09-20 02:16:51.605] [info] Loading persistent workspaces from Hyprland workspace rules
[2025-09-20 02:16:51.825] [info] Found device AT Translated Set 2 keyboard at '/dev/input/event0'
[2025-09-20 02:16:51.873] [info] Bar configured (width: 1920, height: 30) for output: eDP-1
[2025-09-20 02:20:39.089] [info] Reloading...
[2025-09-20 02:20:39.144] [info] Using configuration file /home/fruroa/.config/waybar/config
[2025-09-20 02:20:39.144] [info] Using CSS file /home/fruroa/.config/waybar/style.css
[2025-09-20 02:20:39.153] [info] Loading persistent workspaces from Hyprland workspace rules
[2025-09-20 02:20:39.431] [info] Found device AT Translated Set 2 keyboard at '/dev/input/event0'
[2025-09-20 02:20:39.554] [warning] Requested height: 30 is less than the minimum height: 32 required by the modules
[2025-09-20 02:20:39.555] [info] Bar configured (width: 1920, height: 32) for output: eDP-1
Gdk-Message: 02:24:33.124: Unable to load hand2 from the cursor theme
Gdk-Message: 02:24:33.159: Unable to load arrow from the cursor theme
Gdk-Message: 02:24:35.862: Unable to load hand2 from the cursor theme
Gdk-Message: 02:24:35.866: Unable to load arrow from the cursor theme
Gdk-Message: 02:24:40.883: Unable to load hand2 from the cursor theme
Gdk-Message: 02:24:40.893: Unable to load arrow from the cursor theme
Gdk-Message: 02:24:41.277: Unable to load arrow from the cursor theme
Gdk-Message: 02:24:41.575: Unable to load hand2 from the cursor theme
Gdk-Message: 02:24:41.933: Unable to load arrow from the cursor theme
[2025-09-20 02:27:30.067] [info] Reloading...
[2025-09-20 02:27:30.154] [info] Using configuration file /home/fruroa/.config/waybar/config
[2025-09-20 02:27:30.154] [info] Using CSS file /home/fruroa/.config/waybar/style.css
[2025-09-20 02:27:30.210] [info] Loading persistent workspaces from Hyprland workspace rules
[2025-09-20 02:27:30.464] [info] Found device AT Translated Set 2 keyboard at '/dev/input/event0'
[2025-09-20 02:27:30.564] [warning] Requested height: 30 is less than the minimum height: 32 required by the modules
[2025-09-20 02:27:30.565] [info] Bar configured (width: 1920, height: 32) for output: eDP-1
[2025-09-20 02:30:26.300] [info] Hyprland config reloaded, reinitializing hyprland/workspaces module...
[2025-09-20 02:30:26.317] [info] Loading persistent workspaces from Hyprland workspace rules
[2025-09-20 02:31:23.178] [info] Reloading...
[2025-09-20 02:31:23.225] [info] Using configuration file /home/fruroa/.config/waybar/config
[2025-09-20 02:31:23.226] [info] Using CSS file /home/fruroa/.config/waybar/style.css
[2025-09-20 02:31:23.263] [info] Loading persistent workspaces from Hyprland workspace rules
[2025-09-20 02:31:23.512] [info] Found device AT Translated Set 2 keyboard at '/dev/input/event0'
[2025-09-20 02:31:23.612] [warning] Requested height: 30 is less than the minimum height: 32 required by the modules
[2025-09-20 02:31:23.612] [info] Bar configured (width: 1920, height: 32) for output: eDP-1
Gdk-Message: 02:32:51.239: Unable to load hand2 from the cursor theme
Gdk-Message: 02:32:51.941: Unable to load arrow from the cursor theme
[2025-09-20 02:36:00.741] [info] Reloading...
[2025-09-20 02:36:00.763] [info] Using configuration file /home/fruroa/.config/waybar/config
[2025-09-20 02:36:00.763] [info] Using CSS file /home/fruroa/.config/waybar/style.css
[2025-09-20 02:36:00.773] [info] Loading persistent workspaces from Hyprland workspace rules
[2025-09-20 02:36:00.960] [info] Found device AT Translated Set 2 keyboard at '/dev/input/event0'
[2025-09-20 02:36:01.041] [warning] Requested height: 30 is less than the minimum height: 32 required by the modules
[2025-09-20 02:36:01.041] [info] Bar configured (width: 1920, height: 32) for output: eDP-1
